<?xml version="1.0" encoding="UTF-8"?>
<!-- Generated by org.testng.reporters.JUnitReportReporter -->
<testsuite hostname="Sakilroly" failures="0" tests="1" name="com.qa.Tn.Testcases.ProductCheckout_Test" time="20.888" errors="0" timestamp="2024-01-08T19:20:37 CST" skipped="0">
  <testcase classname="com.qa.Tn.Testcases.ProductCheckout_Test" name="checkoutProduct" time="20.888"/>
</testsuite> <!-- com.qa.Tn.Testcases.ProductCheckout_Test -->
